<?xml version="1.0" encoding="UTF-8"?>
<!-- Generated by org.testng.reporters.JUnitReportReporter -->
<testsuite skipped="0" hostname="MacBook-Pro-2" name="ups.nj.myrunner.LoginRunner" tests="1" failures="0" timestamp="2021-04-20T11:23:52 PDT" time="11.328" errors="0">
  <testcase name="feature" time="11.328" classname="ups.nj.myrunner.LoginRunner"/>
  <system-out/>
</testsuite> <!-- ups.nj.myrunner.LoginRunner -->
